<?xml version="1.0" encoding="UTF-8" standalone="no"?>
<!DOCTYPE log SYSTEM "logger.dtd">
<log>
<record>
  <date>2025-02-28T10:05:28.050199700Z</date>
  <millis>1740737128050</millis>
  <nanos>199700</nanos>
  <sequence>0</sequence>
  <logger>org.example.ServerNetty</logger>
  <level>INFO</level>
  <class>org.example.ServerNetty</class>
  <method>main</method>
  <thread>1</thread>
  <message>Start log from org.example.ServerNetty</message>
</record>
<record>
  <date>2025-02-28T10:05:39.750000300Z</date>
  <millis>1740737139750</millis>
  <nanos>300</nanos>
  <sequence>1</sequence>
  <logger>org.example.ServerNetty</logger>
  <level>INFO</level>
  <class>org.example.ServerNetty</class>
  <method>main</method>
  <thread>1</thread>
  <message>Server exit</message>
</record>
</log>
